[05Dec2024 00:02:38.957] [Server thread/INFO] [net.minecraft.server.MinecraftServer/]: B3njaxx_11 has made the advancement [Hot Stuff]
[05Dec2024 00:11:19.218] [Server thread/INFO] [net.minecraft.server.MinecraftServer/]: Tomas_michele was slain by Dragon
[05Dec2024 00:11:27.820] [Server thread/INFO] [net.minecraft.server.MinecraftServer/]: [B3njaxx_11: Teleported Tomas_michele to B3njaxx_11]
[05Dec2024 00:11:31.713] [Server thread/INFO] [net.minecraft.server.MinecraftServer/]: Tomas_michele was slain by Dragon
[05Dec2024 00:12:00.622] [Server thread/INFO] [net.minecraft.server.MinecraftServer/]: [B3njaxx_11: Teleported Tomas_michele to B3njaxx_11]
[05Dec2024 00:13:34.172] [Server thread/INFO] [net.minecraft.server.MinecraftServer/]: B3njaxx_11 has made the advancement [Deceived Hopes]
[05Dec2024 00:15:03.019] [Server thread/INFO] [net.minecraft.server.MinecraftServer/]: [B3njaxx_11: Teleported Tomas_michele to B3njaxx_11]
[05Dec2024 00:15:27.310] [Server thread/INFO] [net.minecraft.server.MinecraftServer/]: Tomas_michele has made the advancement [Hot Stuff]
[05Dec2024 00:16:52.218] [Server thread/INFO] [net.minecraft.server.MinecraftServer/]: [B3njaxx_11: Gave 1 [Flint and Steel] to B3njaxx_11]
[05Dec2024 00:17:10.741] [Server thread/INFO] [net.minecraft.server.MinecraftServer/]: B3njaxx_11 has made the advancement [We Need to Go Deeper]
[05Dec2024 00:17:10.742] [Server thread/INFO] [net.minecraft.server.MinecraftServer/]: B3njaxx_11 has made the advancement [Incendium]
[05Dec2024 00:17:19.645] [Server thread/WARN] [net.minecraft.server.MinecraftServer/]: Can't keep up! Is the server overloaded? Running 13344ms or 266 ticks behind
[05Dec2024 00:17:23.632] [Server thread/INFO] [net.minecraft.server.MinecraftServer/]: Tomas_michele has made the advancement [We Need to Go Deeper]
[05Dec2024 00:17:23.633] [Server thread/INFO] [net.minecraft.server.MinecraftServer/]: Tomas_michele has made the advancement [Incendium]
[05Dec2024 00:19:17.267] [Server thread/INFO] [net.minecraft.server.MinecraftServer/]: B3njaxx_11 has made the advancement [A Terrible Fortress]
[05Dec2024 00:19:53.417] [Server thread/INFO] [net.minecraft.server.MinecraftServer/]: Tomas_michele has made the advancement [A Terrible Fortress]
[05Dec2024 00:20:23.849] [Server thread/INFO] [net.minecraft.server.MinecraftServer/]: [Not Secure] <B3njaxx_11> aew
[05Dec2024 00:24:56.771] [Server thread/INFO] [net.minecraft.server.MinecraftServer/]: B3njaxx_11 has made the advancement [You Shall Not Pass]
[05Dec2024 00:25:10.020] [Server thread/INFO] [net.minecraft.server.MinecraftServer/]: B3njaxx_11 has made the advancement [Downer]
[05Dec2024 00:26:23.821] [Server thread/INFO] [net.minecraft.server.MinecraftServer/]: [Not Secure] <B3njaxx_11> aa
[05Dec2024 00:27:15.622] [Server thread/INFO] [net.minecraft.server.MinecraftServer/]: Tomas_michele was burnt to a crisp whilst fighting Mother Lava Squid
[05Dec2024 00:27:25.068] [Server thread/INFO] [net.minecraft.server.MinecraftServer/]: B3njaxx_11 burned to death
[05Dec2024 00:27:57.138] [Server thread/INFO] [net.minecraft.server.MinecraftServer/]: [B3njaxx_11: Teleported Tomas_michele to B3njaxx_11]
[05Dec2024 00:28:27.214] [Server thread/INFO] [net.minecraft.server.MinecraftServer/]: B3njaxx_11 was fireballed by Gboom the Bloated
[05Dec2024 00:29:09.565] [Server thread/INFO] [net.minecraft.server.MinecraftServer/]: [B3njaxx_11: Set own game mode to Creative Mode]
[05Dec2024 00:29:22.364] [Server thread/INFO] [net.minecraft.server.MinecraftServer/]: [B3njaxx_11: Set own game mode to Survival Mode]
[05Dec2024 00:29:33.815] [Server thread/INFO] [net.minecraft.server.MinecraftServer/]: [B3njaxx_11: Set own game mode to Creative Mode]
[05Dec2024 00:29:50.321] [Server thread/INFO] [net.minecraft.world.entity.LivingEntity/]: Named entity Ghast['Gboom the Bloated'/32175, l='ServerLevel[world]', x=-1148.61, y=113.15, z=-919.41] died: Gboom the Bloated was slain by B3njaxx_11
[05Dec2024 00:30:09.062] [Server thread/INFO] [net.minecraft.server.MinecraftServer/]: Tomas_michele has made the advancement [Dennis the Menace]
[05Dec2024 00:30:15.912] [Server thread/INFO] [net.minecraft.server.MinecraftServer/]: Tomas_michele was slain by Invading Forlorn
[05Dec2024 00:30:15.923] [Server thread/INFO] [net.minecraft.server.MinecraftServer/]: [B3njaxx_11: Set own game mode to Survival Mode]
[05Dec2024 00:30:51.772] [Server thread/INFO] [net.minecraft.server.MinecraftServer/]: B3njaxx_11 was slain by Wither Skeleton
[05Dec2024 00:30:52.156] [Netty Epoll Server IO #0/ERROR] [net.bettercombat.network.ServerNetwork/]: Server handling Packets.C2S_AttackRequest - No current attack hand!
[05Dec2024 00:30:52.157] [Netty Epoll Server IO #0/ERROR] [net.bettercombat.network.ServerNetwork/]: Combo count: 3 is dual wielding: false
[05Dec2024 00:30:52.157] [Netty Epoll Server IO #0/ERROR] [net.bettercombat.network.ServerNetwork/]: Main-hand stack: 0 air
[05Dec2024 00:30:52.158] [Netty Epoll Server IO #0/ERROR] [net.bettercombat.network.ServerNetwork/]: Off-hand stack: 0 air
[05Dec2024 00:30:52.158] [Netty Epoll Server IO #0/ERROR] [net.bettercombat.network.ServerNetwork/]: Selected slot server: 2 | client: 2
[05Dec2024 00:30:57.732] [Server thread/INFO] [net.minecraft.server.MinecraftServer/]: [B3njaxx_11: Set own game mode to Creative Mode]
[05Dec2024 00:31:17.471] [Server thread/INFO] [net.minecraft.server.MinecraftServer/]: [B3njaxx_11: Set own game mode to Survival Mode]
[05Dec2024 00:31:46.476] [Server thread/INFO] [net.minecraft.server.MinecraftServer/]: [B3njaxx_11: Gave 1 [Leviathan Axe] to B3njaxx_11]
[05Dec2024 00:32:21.421] [Server thread/INFO] [net.minecraft.server.MinecraftServer/]: B3njaxx_11 has made the advancement [A True Source of Evil]
[05Dec2024 00:33:52.924] [Server thread/INFO] [net.minecraft.server.MinecraftServer/]: B3njaxx_11 has made the advancement [Dennis the Menace]
[05Dec2024 00:33:52.926] [Server thread/INFO] [net.minecraft.server.MinecraftServer/]: B3njaxx_11 has made the advancement [Into Fire]
[05Dec2024 00:34:16.422] [Server thread/INFO] [net.minecraft.server.MinecraftServer/]: B3njaxx_11 has made the advancement [Massive Improvement]
[05Dec2024 00:34:45.862] [Server thread/INFO] [net.minecraft.server.MinecraftServer/]: Tomas_michele was slain by Zombie
[05Dec2024 00:35:35.143] [Server thread/INFO] [net.minecraft.server.MinecraftServer/]: [B3njaxx_11: Set own game mode to Spectator Mode]
[05Dec2024 00:35:40.465] [Server thread/INFO] [net.minecraft.server.MinecraftServer/]: [B3njaxx_11: Set own game mode to Survival Mode]
[05Dec2024 00:37:19.480] [Server thread/INFO] [net.minecraft.server.MinecraftServer/]: Tomas_michele has completed the challenge [Learn to Fart]
[05Dec2024 00:38:01.672] [Server thread/INFO] [net.minecraft.server.MinecraftServer/]: B3njaxx_11 burned to death
[05Dec2024 00:38:34.885] [Server thread/INFO] [net.minecraft.server.MinecraftServer/]: [B3njaxx_11: Set 28 experience levels on B3njaxx_11]
[05Dec2024 00:38:50.274] [Server thread/INFO] [net.minecraft.server.MinecraftServer/]: [B3njaxx_11: Set 28 experience levels on B3njaxx_11]
[05Dec2024 00:38:51.665] [Server thread/INFO] [net.minecraft.server.MinecraftServer/]: [B3njaxx_11: Teleported Tomas_michele to B3njaxx_11]
[05Dec2024 00:39:43.137] [Server thread/INFO] [net.minecraft.server.MinecraftServer/]: [B3njaxx_11: Gave 1000 experience points to B3njaxx_11]
[05Dec2024 00:41:46.014] [Server thread/INFO] [net.minecraft.server.MinecraftServer/]: B3njaxx_11 was slain by Blaze
[05Dec2024 00:41:46.099] [Netty Epoll Server IO #0/ERROR] [net.bettercombat.network.ServerNetwork/]: Server handling Packets.C2S_AttackRequest - No current attack hand!
[05Dec2024 00:41:46.099] [Netty Epoll Server IO #0/ERROR] [net.bettercombat.network.ServerNetwork/]: Combo count: 0 is dual wielding: false
[05Dec2024 00:41:46.099] [Netty Epoll Server IO #0/ERROR] [net.bettercombat.network.ServerNetwork/]: Main-hand stack: 0 air
[05Dec2024 00:41:46.099] [Netty Epoll Server IO #0/ERROR] [net.bettercombat.network.ServerNetwork/]: Off-hand stack: 0 air
[05Dec2024 00:41:46.099] [Netty Epoll Server IO #0/ERROR] [net.bettercombat.network.ServerNetwork/]: Selected slot server: 2 | client: 2
[05Dec2024 00:42:31.696] [Server thread/INFO] [net.minecraft.server.MinecraftServer/]: [Not Secure] <B3njaxx_11> aa
[05Dec2024 00:42:38.824] [Server thread/INFO] [net.minecraft.server.MinecraftServer/]: [Not Secure] <Tomas_michele> bb
[05Dec2024 00:42:44.952] [Server thread/INFO] [net.minecraft.server.MinecraftServer/]: [B3njaxx_11: Teleported B3njaxx_11 to Tomas_michele]
[05Dec2024 00:42:55.814] [Server thread/INFO] [net.minecraft.server.MinecraftServer/]: Tomas_michele was slain by Blaze
[05Dec2024 00:42:55.827] [Server thread/WARN] [net.minecraft.server.network.ServerGamePacketListenerImpl/]: Tomas_michele moved wrongly!
[05Dec2024 00:43:13.496] [Server thread/INFO] [net.minecraft.server.MinecraftServer/]: [B3njaxx_11: Teleported Tomas_michele to B3njaxx_11]
[05Dec2024 00:43:27.017] [Server thread/INFO] [net.minecraft.server.MinecraftServer/]: B3njaxx_11 was burnt to a crisp whilst fighting Blaze
[05Dec2024 00:43:31.657] [Server thread/INFO] [net.minecraft.server.MinecraftServer/]: [B3njaxx_11: Teleported B3njaxx_11 to -1130.500000, 75.000000, -893.500000]
[05Dec2024 00:43:42.968] [Server thread/INFO] [net.minecraft.server.MinecraftServer/]: B3njaxx_11 was shot by Skeleton
[05Dec2024 00:43:55.813] [Server thread/INFO] [net.minecraft.server.MinecraftServer/]: B3njaxx_11 was slain by Blaze
[05Dec2024 00:44:01.474] [Server thread/INFO] [net.minecraft.server.MinecraftServer/]: [B3njaxx_11: Set own game mode to Creative Mode]
[05Dec2024 00:44:36.178] [Server thread/INFO] [net.minecraft.server.MinecraftServer/]: [B3njaxx_11: Set own game mode to Survival Mode]
[05Dec2024 00:44:38.720] [Server thread/INFO] [net.minecraft.server.MinecraftServer/]: B3njaxx_11 has made the advancement [Defunct Machinery]
[05Dec2024 00:44:48.114] [Server thread/INFO] [net.minecraft.server.MinecraftServer/]: Tomas_michele has made the advancement [Into Fire]
[05Dec2024 00:44:53.767] [Server thread/INFO] [net.minecraft.server.MinecraftServer/]: Tomas_michele was burnt to a crisp whilst fighting Blaze
[05Dec2024 00:45:15.054] [Server thread/INFO] [net.minecraft.server.MinecraftServer/]: [B3njaxx_11: Teleported Tomas_michele to B3njaxx_11]
[05Dec2024 00:45:18.566] [Server thread/INFO] [net.minecraft.server.MinecraftServer/]: Tomas_michele has made the advancement [Massive Improvement]
[05Dec2024 00:45:26.114] [Server thread/INFO] [net.minecraft.server.MinecraftServer/]: B3njaxx_11 was fireballed by Blaze
[05Dec2024 00:45:26.151] [Netty Epoll Server IO #0/ERROR] [net.bettercombat.network.ServerNetwork/]: Server handling Packets.C2S_AttackRequest - No current attack hand!
[05Dec2024 00:45:26.151] [Netty Epoll Server IO #0/ERROR] [net.bettercombat.network.ServerNetwork/]: Combo count: 7 is dual wielding: false
[05Dec2024 00:45:26.152] [Netty Epoll Server IO #0/ERROR] [net.bettercombat.network.ServerNetwork/]: Main-hand stack: 0 air
[05Dec2024 00:45:26.152] [Netty Epoll Server IO #0/ERROR] [net.bettercombat.network.ServerNetwork/]: Off-hand stack: 0 air
[05Dec2024 00:45:26.152] [Netty Epoll Server IO #0/ERROR] [net.bettercombat.network.ServerNetwork/]: Selected slot server: 2 | client: 2
[05Dec2024 00:45:26.700] [Netty Epoll Server IO #0/ERROR] [net.bettercombat.network.ServerNetwork/]: Server handling Packets.C2S_AttackRequest - No current attack hand!
[05Dec2024 00:45:26.700] [Netty Epoll Server IO #0/ERROR] [net.bettercombat.network.ServerNetwork/]: Combo count: 8 is dual wielding: false
[05Dec2024 00:45:26.700] [Netty Epoll Server IO #0/ERROR] [net.bettercombat.network.ServerNetwork/]: Main-hand stack: 0 air
[05Dec2024 00:45:26.700] [Netty Epoll Server IO #0/ERROR] [net.bettercombat.network.ServerNetwork/]: Off-hand stack: 0 air
[05Dec2024 00:45:26.700] [Netty Epoll Server IO #0/ERROR] [net.bettercombat.network.ServerNetwork/]: Selected slot server: 2 | client: 2
[05Dec2024 00:46:18.219] [Server thread/INFO] [net.minecraft.server.MinecraftServer/]: B3njaxx_11 burned to death
[05Dec2024 00:47:43.364] [Server thread/INFO] [net.minecraft.server.MinecraftServer/]: Tomas_michele has made the advancement [A True Source of Evil]
[05Dec2024 00:50:00.524] [Server thread/INFO] [net.minecraft.server.MinecraftServer/]: [B3njaxx_11: Teleported B3njaxx_11 to Tomas_michele]
[05Dec2024 00:50:54.414] [Server thread/INFO] [net.minecraft.server.MinecraftServer/]: B3njaxx_11 was slain by Invading Forlorn
[05Dec2024 00:50:54.812] [Netty Epoll Server IO #0/ERROR] [net.bettercombat.network.ServerNetwork/]: Server handling Packets.C2S_AttackRequest - No current attack hand!
[05Dec2024 00:50:54.813] [Netty Epoll Server IO #0/ERROR] [net.bettercombat.network.ServerNetwork/]: Combo count: 9 is dual wielding: false
[05Dec2024 00:50:54.813] [Netty Epoll Server IO #0/ERROR] [net.bettercombat.network.ServerNetwork/]: Main-hand stack: 0 air
[05Dec2024 00:50:54.813] [Netty Epoll Server IO #0/ERROR] [net.bettercombat.network.ServerNetwork/]: Off-hand stack: 0 air
[05Dec2024 00:50:54.813] [Netty Epoll Server IO #0/ERROR] [net.bettercombat.network.ServerNetwork/]: Selected slot server: 2 | client: 2
[05Dec2024 00:50:59.174] [Server thread/INFO] [net.minecraft.server.MinecraftServer/]: [B3njaxx_11: Set own game mode to Creative Mode]
[05Dec2024 00:50:59.420] [Server thread/INFO] [net.minecraft.server.network.ServerGamePacketListenerImpl/]: Tomas_michele lost connection: Disconnected
[05Dec2024 00:50:59.420] [Server thread/INFO] [net.minecraft.server.MinecraftServer/]: Tomas_michele left the game
[05Dec2024 00:53:01.830] [Server thread/INFO] [net.minecraft.server.MinecraftServer/]: [B3njaxx_11: Set own game mode to Spectator Mode]
[05Dec2024 00:54:06.742] [Server thread/INFO] [net.minecraft.server.MinecraftServer/]: [B3njaxx_11: Set own game mode to Creative Mode]
[05Dec2024 00:54:08.672] [Server thread/INFO] [net.minecraft.server.MinecraftServer/]: [B3njaxx_11: Set own game mode to Survival Mode]
[05Dec2024 00:56:54.718] [Server thread/INFO] [net.minecraft.server.players.PlayerList/]: Tomas_michele[/127.78.17.184:49699] logged in with entity id 40682 at (-1162.699999988079, 67.0, -938.5380841163252)
[05Dec2024 00:56:54.720] [Server thread/INFO] [ModdingLegacy/blue_skies/]: Sending ToolHandleTypeManager to Tomas_michele
[05Dec2024 00:56:54.721] [Server thread/INFO] [ModdingLegacy/blue_skies/]: Sending SnowcapOvenFreezingManager to Tomas_michele
[05Dec2024 00:56:54.721] [Server thread/INFO] [ModdingLegacy/blue_skies/]: Sending HorizoniteForgeFuelManager to Tomas_michele
[05Dec2024 00:56:54.721] [Server thread/INFO] [ModdingLegacy/blue_skies/]: Sending AlchemyRecipeManager to Tomas_michele
[05Dec2024 00:56:54.724] [Server thread/INFO] [ModdingLegacy/blue_skies/]: Sending JournalEntryManager to Tomas_michele
[05Dec2024 00:56:54.728] [Server thread/INFO] [ModdingLegacy/blue_skies/]: Sending JournalSectionManager to Tomas_michele
[05Dec2024 00:56:54.728] [Server thread/INFO] [ModdingLegacy/blue_skies/]: Sending JournalRequirementManager to Tomas_michele
[05Dec2024 00:56:54.781] [Server thread/INFO] [net.minecraft.server.MinecraftServer/]: Tomas_michele joined the game
[05Dec2024 00:56:54.787] [Server thread/INFO] [spawnermod/]: Sending config to player.
[05Dec2024 01:00:06.275] [Server thread/INFO] [net.minecraft.server.MinecraftServer/]: [B3njaxx_11: Set own game mode to Creative Mode]
[05Dec2024 01:00:07.767] [Server thread/INFO] [net.minecraft.server.MinecraftServer/]: [B3njaxx_11: Set own game mode to Spectator Mode]
[05Dec2024 01:00:51.191] [Server thread/INFO] [net.minecraft.server.MinecraftServer/]: Tomas_michele fell from a high place
[05Dec2024 01:00:57.466] [Server thread/INFO] [net.minecraft.server.MinecraftServer/]: [B3njaxx_11: Set own game mode to Creative Mode]
[05Dec2024 01:01:29.464] [Server thread/INFO] [net.minecraft.server.MinecraftServer/]: B3njaxx_11 has reached the goal [A Metropolis of Restless Souls]
[05Dec2024 01:02:25.995] [Server thread/INFO] [net.minecraft.server.MinecraftServer/]: [B3njaxx_11: Set own game mode to Spectator Mode]
[05Dec2024 01:02:27.215] [Server thread/INFO] [net.minecraft.server.MinecraftServer/]: [B3njaxx_11: Set own game mode to Survival Mode]
[05Dec2024 01:03:28.919] [Server thread/INFO] [net.minecraft.server.MinecraftServer/]: [Not Secure] <Tomas_michele> [name:"Muerte 22:00:36 12-04-2024", x:-9312, y:53, z:-7040, dim:minecraft:the_nether]
[05Dec2024 01:05:43.423] [Server thread/INFO] [net.minecraft.server.MinecraftServer/]: [B3njaxx_11: Teleported Tomas_michele to -9311.500000, 53.000000, -7039.500000]
[05Dec2024 01:05:43.424] [Server thread/WARN] [net.minecraft.server.MinecraftServer/]: Can't keep up! Is the server overloaded? Running 2573ms or 51 ticks behind
[05Dec2024 01:05:43.456] [Server thread/INFO] [net.minecraft.server.MinecraftServer/]: [B3njaxx_11: Teleported Tomas_michele to -9311.500000, 53.000000, -7039.500000]
[05Dec2024 01:05:43.671] [Server thread/INFO] [net.minecraft.server.MinecraftServer/]: Tomas_michele has made the advancement [Darude - Firestorm]
[05Dec2024 01:05:43.671] [Server thread/INFO] [net.minecraft.server.MinecraftServer/]: Tomas_michele has made the advancement [Strange Biomes]
[05Dec2024 01:05:50.940] [Server thread/INFO] [net.minecraft.server.MinecraftServer/]: Tomas_michele suffocated in a wall
[05Dec2024 01:06:09.183] [Server thread/INFO] [net.minecraft.server.MinecraftServer/]: [B3njaxx_11: Set Tomas_michele's game mode to Spectator Mode]
[05Dec2024 01:06:10.350] [Server thread/INFO] [net.minecraft.server.MinecraftServer/]: [Not Secure] <Tomas_michele> [name:"Muerte 22:00:36 12-04-2024", x:-9312, y:53, z:-7040, dim:minecraft:the_nether]
[05Dec2024 01:06:11.209] [Server thread/INFO] [net.minecraft.server.MinecraftServer/]: [B3njaxx_11: Teleported Tomas_michele to -9311.500000, 53.000000, -7039.500000]
[05Dec2024 01:06:28.831] [Server thread/INFO] [net.minecraft.server.MinecraftServer/]: [B3njaxx_11: Set Tomas_michele's game mode to Survival Mode]
[05Dec2024 01:06:37.794] [Server thread/INFO] [net.minecraft.server.MinecraftServer/]: [B3njaxx_11: Set Tomas_michele's game mode to Spectator Mode]
[05Dec2024 01:07:23.064] [Server thread/INFO] [net.minecraft.server.network.ServerGamePacketListenerImpl/]: Tomas_michele lost connection: Disconnected
[05Dec2024 01:07:23.065] [Server thread/INFO] [net.minecraft.server.MinecraftServer/]: Tomas_michele left the game
[05Dec2024 01:08:30.092] [Server thread/INFO] [net.minecraft.server.MinecraftServer/]: B3njaxx_11 has completed the challenge [Subspace Bubble]
[05Dec2024 01:09:15.338] [Server thread/INFO] [net.minecraft.server.MinecraftServer/]: [B3njaxx_11: Gave 1 [Inscription Table] to B3njaxx_11]
[05Dec2024 01:09:16.637] [Server thread/INFO] [net.minecraft.server.MinecraftServer/]: B3njaxx_11 has reached the goal [Quaint Scribe]
[05Dec2024 01:14:03.945] [Server thread/INFO] [net.minecraft.server.players.PlayerList/]: Tomas_michele[/127.78.17.184:39245] logged in with entity id 44308 at (-9311.599150983197, 64.0, -7039.163439937622)
[05Dec2024 01:14:03.948] [Server thread/INFO] [ModdingLegacy/blue_skies/]: Sending ToolHandleTypeManager to Tomas_michele
[05Dec2024 01:14:03.948] [Server thread/INFO] [ModdingLegacy/blue_skies/]: Sending SnowcapOvenFreezingManager to Tomas_michele
[05Dec2024 01:14:03.948] [Server thread/INFO] [ModdingLegacy/blue_skies/]: Sending HorizoniteForgeFuelManager to Tomas_michele
[05Dec2024 01:14:03.949] [Server thread/INFO] [ModdingLegacy/blue_skies/]: Sending AlchemyRecipeManager to Tomas_michele
[05Dec2024 01:14:03.951] [Server thread/INFO] [ModdingLegacy/blue_skies/]: Sending JournalEntryManager to Tomas_michele
[05Dec2024 01:14:03.953] [Server thread/INFO] [ModdingLegacy/blue_skies/]: Sending JournalSectionManager to Tomas_michele
[05Dec2024 01:14:03.953] [Server thread/INFO] [ModdingLegacy/blue_skies/]: Sending JournalRequirementManager to Tomas_michele
[05Dec2024 01:14:03.977] [Server thread/INFO] [net.minecraft.server.MinecraftServer/]: Tomas_michele joined the game
[05Dec2024 01:14:03.981] [Server thread/INFO] [spawnermod/]: Sending config to player.
[05Dec2024 01:16:22.930] [Server thread/WARN] [net.minecraft.server.network.ServerGamePacketListenerImpl/]: Tomas_michele moved too quickly! 10.8309836897497,0.0,7.3093517810848425
[05Dec2024 01:16:25.193] [Server thread/WARN] [net.minecraft.server.network.ServerGamePacketListenerImpl/]: Tomas_michele moved too quickly! 10.406490869811023,0.0,7.023334611683822
[05Dec2024 01:16:25.914] [Server thread/INFO] [net.minecraft.server.MinecraftServer/]: Tomas_michele has made the advancement [Hellfire Mantle]
[05Dec2024 01:16:27.438] [Server thread/WARN] [net.minecraft.server.network.ServerGamePacketListenerImpl/]: Tomas_michele moved too quickly! 9.500816336050775,0.0,6.41209539767442
[05Dec2024 01:16:28.532] [Server thread/WARN] [net.minecraft.server.network.ServerGamePacketListenerImpl/]: Tomas_michele moved too quickly! 8.949994870676164,0.0,6.040346312315705
[05Dec2024 01:16:31.466] [Server thread/WARN] [net.minecraft.server.network.ServerGamePacketListenerImpl/]: Tomas_michele moved too quickly! 7.935133121247418,0.0,9.049908746186702
[05Dec2024 01:16:45.709] [Server thread/WARN] [net.minecraft.server.network.ServerGamePacketListenerImpl/]: Tomas_michele moved too quickly! 11.036330401146188,0.0,6.9940386476855565
[05Dec2024 01:16:47.704] [Server thread/WARN] [net.minecraft.server.network.ServerGamePacketListenerImpl/]: Tomas_michele moved too quickly! 9.82450011142464,0.0,6.211120598900379
[05Dec2024 01:16:49.702] [Server thread/WARN] [net.minecraft.server.network.ServerGamePacketListenerImpl/]: Tomas_michele moved too quickly! 10.034151386807935,0.0,6.343663663723419
[05Dec2024 01:16:50.885] [Server thread/WARN] [net.minecraft.server.network.ServerGamePacketListenerImpl/]: Tomas_michele moved too quickly! 9.382488355438909,0.0,5.931677544146623
[05Dec2024 01:16:52.622] [Server thread/WARN] [net.minecraft.server.network.ServerGamePacketListenerImpl/]: Tomas_michele moved too quickly! 9.697696102108239,0.0,6.130954179708169
[05Dec2024 01:16:54.340] [Server thread/WARN] [net.minecraft.server.network.ServerGamePacketListenerImpl/]: Tomas_michele moved too quickly! 9.697696102108239,0.0,6.130954179708169
[05Dec2024 01:16:55.871] [Server thread/WARN] [net.minecraft.server.network.ServerGamePacketListenerImpl/]: Tomas_michele moved too quickly! 9.697696102108239,0.0,6.130954179708169
[05Dec2024 01:16:57.253] [Server thread/WARN] [net.minecraft.server.network.ServerGamePacketListenerImpl/]: Tomas_michele moved too quickly! 9.382488355438909,0.0,5.931677544146623
[05Dec2024 01:16:59.052] [Server thread/WARN] [net.minecraft.server.network.ServerGamePacketListenerImpl/]: Tomas_michele moved too quickly! 9.697696102108239,0.0,6.130954179708169
[05Dec2024 01:17:01.620] [Server thread/WARN] [net.minecraft.server.network.ServerGamePacketListenerImpl/]: Tomas_michele moved too quickly! 10.215121846782495,0.0,6.039103433692617
